app/build/outputs/logs/manifest-merger-debug-report.txt
-- Merging decision tree log ---
manifest
ADDED from src\main\AndroidManifest.xml:2:1-95:12
	package
		ADDED from src\main\AndroidManifest.xml:3:5-31
		INJECTED from src\main\AndroidManifest.xml
		INJECTED from src\main\AndroidManifest.xml
	android:versionName
		ADDED from src\main\AndroidManifest.xml:5:5-30
		INJECTED from src\main\AndroidManifest.xml
		INJECTED from src\main\AndroidManifest.xml
	android:versionCode
		ADDED from src\main\AndroidManifest.xml:4:5-28
		INJECTED from src\main\AndroidManifest.xml
		INJECTED from src\main\AndroidManifest.xml
	xmlns:android
		ADDED from src\main\AndroidManifest.xml:2:11-69
uses-sdk
ADDED from src\main\AndroidManifest.xml:7:5-9:41
MERGED from [com.android.support:support-v4:21.0.3] AndroidManifest.xml:15:5-42
	android:targetSdkVersion
		ADDED from src\main\AndroidManifest.xml:9:9-38
		INJECTED from src\main\AndroidManifest.xml
		INJECTED from src\main\AndroidManifest.xml
	android:minSdkVersion
		ADDED from src\main\AndroidManifest.xml:8:9-34
		INJECTED from src\main\AndroidManifest.xml
		INJECTED from src\main\AndroidManifest.xml
application
ADDED from src\main\AndroidManifest.xml:11:5-42:19
MERGED from [com.android.support:support-v4:21.0.3] AndroidManifest.xml:16:5-19
	android:label
		ADDED from src\main\AndroidManifest.xml:14:9-41
	android:icon
		ADDED from src\main\AndroidManifest.xml:13:9-45
	android:name
		ADDED from src\main\AndroidManifest.xml:12:9-56
meta-data#com.baidu.lbsapi.API_KEY
ADDED from src\main\AndroidManifest.xml:15:9-17:64
	android:value
		ADDED from src\main\AndroidManifest.xml:17:13-61
	android:name
		ADDED from src\main\AndroidManifest.xml:16:13-52
activity#baidumapsdk.demo.LocationDemo
ADDED from src\main\AndroidManifest.xml:19:9-29:20
	android:screenOrientation
		ADDED from src\main\AndroidManifest.xml:23:13-49
	android:label
		ADDED from src\main\AndroidManifest.xml:22:13-44
	android:configChanges
		ADDED from src\main\AndroidManifest.xml:21:13-63
	android:name
		ADDED from src\main\AndroidManifest.xml:20:13-57
intent-filter#android.intent.action.MAIN+android.intent.category.LAUNCHER
ADDED from src\main\AndroidManifest.xml:24:13-28:29
action#android.intent.action.MAIN
ADDED from src\main\AndroidManifest.xml:25:17-69
	android:name
		ADDED from src\main\AndroidManifest.xml:25:25-66
category#android.intent.category.LAUNCHER
ADDED from src\main\AndroidManifest.xml:27:17-77
	android:name
		ADDED from src\main\AndroidManifest.xml:27:27-74
activity#baidumapsdk.demo.OverlayDemo
ADDED from src\main\AndroidManifest.xml:30:9-35:20
	android:screenOrientation
		ADDED from src\main\AndroidManifest.xml:34:13-49
	android:label
		ADDED from src\main\AndroidManifest.xml:33:13-54
	android:configChanges
		ADDED from src\main\AndroidManifest.xml:32:13-63
	android:name
		ADDED from src\main\AndroidManifest.xml:31:13-56
service#com.baidu.location.f
ADDED from src\main\AndroidManifest.xml:37:9-41:19
	android:enabled
		ADDED from src\main\AndroidManifest.xml:39:13-35
	android:process
		ADDED from src\main\AndroidManifest.xml:40:13-38
	android:name
		ADDED from src\main\AndroidManifest.xml:38:13-48
permission#android.permission.BAIDU_LOCATION_SERVICE
ADDED from src\main\AndroidManifest.xml:44:5-45:18
	android:name
		ADDED from src\main\AndroidManifest.xml:44:17-73
uses-permission#android.permission.BAIDU_LOCATION_SERVICE
ADDED from src\main\AndroidManifest.xml:47:5-48:23
	android:name
		ADDED from src\main\AndroidManifest.xml:47:22-78
uses-permission#android.permission.ACCESS_NETWORK_STATE
ADDED from src\main\AndroidManifest.xml:49:5-50:23
	android:name
		ADDED from src\main\AndroidManifest.xml:49:22-76
uses-permission#android.permission.ACCESS_COARSE_LOCATION
ADDED from src\main\AndroidManifest.xml:51:5-52:23
	android:name
		ADDED from src\main\AndroidManifest.xml:51:22-78
uses-permission#android.permission.INTERNET
ADDED from src\main\AndroidManifest.xml:53:5-54:23
	android:name
		ADDED from src\main\AndroidManifest.xml:53:22-64
uses-permission#android.permission.ACCESS_MOCK_LOCATION
ADDED from src\main\AndroidManifest.xml:55:5-56:23
	android:name
		ADDED from src\main\AndroidManifest.xml:55:22-76
uses-permission#android.permission.ACCESS_FINE_LOCATION
ADDED from src\main\AndroidManifest.xml:58:5-59:23
	android:name
		ADDED from src\main\AndroidManifest.xml:58:22-76
uses-permission#com.android.launcher.permission.READ_SETTINGS
ADDED from src\main\AndroidManifest.xml:60:5-85
	android:name
		ADDED from src\main\AndroidManifest.xml:60:22-82
uses-permission#android.permission.WAKE_LOCK
ADDED from src\main\AndroidManifest.xml:61:5-62:23
	android:name
		ADDED from src\main\AndroidManifest.xml:61:22-65
uses-permission#android.permission.CHANGE_WIFI_STATE
ADDED from src\main\AndroidManifest.xml:63:5-76
	android:name
		ADDED from src\main\AndroidManifest.xml:63:22-73
uses-permission#android.permission.ACCESS_WIFI_STATE
ADDED from src\main\AndroidManifest.xml:64:5-76
	android:name
		ADDED from src\main\AndroidManifest.xml:64:22-73
uses-permission#android.permission.ACCESS_GPS
ADDED from src\main\AndroidManifest.xml:65:5-69
	android:name
		ADDED from src\main\AndroidManifest.xml:65:22-66
uses-permission#android.permission.READ_PHONE_STATE
ADDED from src\main\AndroidManifest.xml:66:5-75
	android:name
		ADDED from src\main\AndroidManifest.xml:66:22-72
uses-permission#android.permission.READ_CONTACTS
ADDED from src\main\AndroidManifest.xml:67:5-72
	android:name
		ADDED from src\main\AndroidManifest.xml:67:22-69
uses-permission#android.permission.CALL_PHONE
ADDED from src\main\AndroidManifest.xml:68:5-69
	android:name
		ADDED from src\main\AndroidManifest.xml:68:22-66
uses-permission#android.permission.READ_SMS
ADDED from src\main\AndroidManifest.xml:69:5-67
	android:name
		ADDED from src\main\AndroidManifest.xml:69:22-64
uses-permission#android.permission.SEND_SMS
ADDED from src\main\AndroidManifest.xml:70:5-67
	android:name
		ADDED from src\main\AndroidManifest.xml:70:22-64
uses-permission#android.permission.GET_TASKS
ADDED from src\main\AndroidManifest.xml:72:5-68
	android:name
		ADDED from src\main\AndroidManifest.xml:72:22-65
uses-permission#android.permission.CAMERA
ADDED from src\main\AndroidManifest.xml:73:5-74:23
	android:name
		ADDED from src\main\AndroidManifest.xml:73:22-62
uses-permission#android.permission.RECORD_AUDIO
ADDED from src\main\AndroidManifest.xml:75:5-76:23
	android:name
		ADDED from src\main\AndroidManifest.xml:75:22-68
uses-permission#android.permission.WRITE_EXTERNAL_STORAGE
ADDED from src\main\AndroidManifest.xml:77:5-78:23
	android:name
		ADDED from src\main\AndroidManifest.xml:77:22-78
uses-permission#android.permission.RECEIVE_BOOT_COMPLETED
ADDED from src\main\AndroidManifest.xml:79:5-81
	android:name
		ADDED from src\main\AndroidManifest.xml:79:22-78
uses-permission#android.permission.BROADCAST_STICKY
ADDED from src\main\AndroidManifest.xml:80:5-75
	android:name
		ADDED from src\main\AndroidManifest.xml:80:22-72
uses-permission#android.permission.WRITE_SETTINGS
ADDED from src\main\AndroidManifest.xml:81:5-73
	android:name
		ADDED from src\main\AndroidManifest.xml:81:22-70
uses-permission#android.permission.PROCESS_OUTGOING_CALLS
ADDED from src\main\AndroidManifest.xml:83:5-84:23
	android:name
		ADDED from src\main\AndroidManifest.xml:83:22-78
uses-permission#android.permission.MODIFY_AUDIO_SETTINGS
ADDED from src\main\AndroidManifest.xml:86:5-80
	android:name
		ADDED from src\main\AndroidManifest.xml:86:22-77
supports-screens
ADDED from src\main\AndroidManifest.xml:88:5-93:39
	android:largeScreens
		ADDED from src\main\AndroidManifest.xml:90:9-36
	android:smallScreens
		ADDED from src\main\AndroidManifest.xml:93:9-36
	android:normalScreens
		ADDED from src\main\AndroidManifest.xml:91:9-38
	android:resizeable
		ADDED from src\main\AndroidManifest.xml:92:9-34
	android:anyDensity
		ADDED from src\main\AndroidManifest.xml:89:9-34